<?xml version="1.0" encoding="UTF-8"?>
<coverage generated="1766075910996" clover="3.2.0">
  <project timestamp="1766075910996" name="All files">
    <metrics statements="44" coveredstatements="39" conditionals="6" coveredconditionals="3" methods="15" coveredmethods="10" elements="65" coveredelements="52" complexity="0" loc="44" ncloc="44" packages="3" files="10" classes="10"/>
    <package name="components">
      <metrics statements="25" coveredstatements="25" conditionals="6" coveredconditionals="3" methods="8" coveredmethods="8"/>
      <file name="About.js" path="/Users/naren/Desktop/Namaste-React/src/components/About.js">
        <metrics statements="2" coveredstatements="2" conditionals="0" coveredconditionals="0" methods="1" coveredmethods="1"/>
        <line num="1" count="1" type="stmt"/>
        <line num="2" count="2" type="stmt"/>
      </file>
      <file name="Header.js" path="/Users/naren/Desktop/Namaste-React/src/components/Header.js">
        <metrics statements="11" coveredstatements="11" conditionals="6" coveredconditionals="3" methods="3" coveredmethods="3"/>
        <line num="10" count="1" type="stmt"/>
        <line num="13" count="3" type="stmt"/>
        <line num="14" count="2" type="stmt"/>
        <line num="15" count="2" type="stmt"/>
        <line num="18" count="2" type="stmt"/>
        <line num="20" count="2" type="stmt"/>
        <line num="23" count="2" type="stmt"/>
        <line num="25" count="2" type="stmt"/>
        <line num="34" count="2" type="stmt"/>
        <line num="47" count="1" type="stmt"/>
        <line num="48" count="1" type="cond" truecount="1" falsecount="1"/>
      </file>
      <file name="RestaurantCard.js" path="/Users/naren/Desktop/Namaste-React/src/components/RestaurantCard.js">
        <metrics statements="10" coveredstatements="10" conditionals="0" coveredconditionals="0" methods="3" coveredmethods="3"/>
        <line num="7" count="1" type="stmt"/>
        <line num="10" count="2" type="stmt"/>
        <line num="12" count="2" type="stmt"/>
        <line num="13" count="2" type="stmt"/>
        <line num="14" count="2" type="stmt"/>
        <line num="16" count="2" type="stmt"/>
        <line num="18" count="2" type="stmt"/>
        <line num="45" count="1" type="stmt"/>
        <line num="47" count="1" type="stmt"/>
        <line num="49" count="1" type="stmt"/>
      </file>
      <file name="sum.js" path="/Users/naren/Desktop/Namaste-React/src/components/sum.js">
        <metrics statements="2" coveredstatements="2" conditionals="0" coveredconditionals="0" methods="1" coveredmethods="1"/>
        <line num="2" count="1" type="stmt"/>
        <line num="3" count="1" type="stmt"/>
      </file>
    </package>
    <package name="components.MockData">
      <metrics statements="1" coveredstatements="1" conditionals="0" coveredconditionals="0" methods="0" coveredmethods="0"/>
      <file name="mockRestCard.js" path="/Users/naren/Desktop/Namaste-React/src/components/MockData/mockRestCard.js">
        <metrics statements="1" coveredstatements="1" conditionals="0" coveredconditionals="0" methods="0" coveredmethods="0"/>
        <line num="3" count="1" type="stmt"/>
      </file>
    </package>
    <package name="utils">
      <metrics statements="18" coveredstatements="13" conditionals="0" coveredconditionals="0" methods="7" coveredmethods="2"/>
      <file name="UserContext.js" path="/Users/naren/Desktop/Namaste-React/src/utils/UserContext.js">
        <metrics statements="1" coveredstatements="1" conditionals="0" coveredconditionals="0" methods="0" coveredmethods="0"/>
        <line num="3" count="2" type="stmt"/>
      </file>
      <file name="cart.js" path="/Users/naren/Desktop/Namaste-React/src/utils/cart.js">
        <metrics statements="5" coveredstatements="2" conditionals="0" coveredconditionals="0" methods="3" coveredmethods="0"/>
        <line num="3" count="1" type="stmt"/>
        <line num="11" count="0" type="stmt"/>
        <line num="16" count="0" type="stmt"/>
        <line num="20" count="0" type="stmt"/>
        <line num="28" count="1" type="stmt"/>
      </file>
      <file name="constants.js" path="/Users/naren/Desktop/Namaste-React/src/utils/constants.js">
        <metrics statements="3" coveredstatements="3" conditionals="0" coveredconditionals="0" methods="0" coveredmethods="0"/>
        <line num="2" count="2" type="stmt"/>
        <line num="3" count="2" type="stmt"/>
        <line num="6" count="2" type="stmt"/>
      </file>
      <file name="store.js" path="/Users/naren/Desktop/Namaste-React/src/utils/store.js">
        <metrics statements="1" coveredstatements="1" conditionals="0" coveredconditionals="0" methods="0" coveredmethods="0"/>
        <line num="4" count="1" type="stmt"/>
      </file>
      <file name="useOnlineStatus.js" path="/Users/naren/Desktop/Namaste-React/src/utils/useOnlineStatus.js">
        <metrics statements="8" coveredstatements="6" conditionals="0" coveredconditionals="0" methods="4" coveredmethods="2"/>
        <line num="2" count="1" type="stmt"/>
        <line num="4" count="2" type="stmt"/>
        <line num="6" count="2" type="stmt"/>
        <line num="8" count="1" type="stmt"/>
        <line num="9" count="0" type="stmt"/>
        <line num="12" count="1" type="stmt"/>
        <line num="13" count="0" type="stmt"/>
        <line num="22" count="2" type="stmt"/>
      </file>
    </package>
  </project>
</coverage>
