{"/Users/naren/Desktop/Namaste-React/src/components/About.js": {"path":"/Users/naren/Desktop/Namaste-React/src/components/About.js","statementMap":{"0":{"start":{"line":1,"column":13},"end":{"line":11,"column":1}},"1":{"start":{"line":2,"column":4},"end":{"line":9,"column":5}}},"fnMap":{"0":{"name":"(anonymous_0)","decl":{"start":{"line":1,"column":13},"end":{"line":1,"column":14}},"loc":{"start":{"line":1,"column":17},"end":{"line":11,"column":1}},"line":1}},"branchMap":{},"s":{"0":1,"1":2},"f":{"0":2},"b":{},"_coverageSchema":"1a1c01bbd47fc00a2c39e90264f33305004495a9","hash":"f0bf8779cad3b2a8aa4d9f93ba3d9eb0cafc35c1"}
,"/Users/naren/Desktop/Namaste-React/src/components/Header.js": {"path":"/Users/naren/Desktop/Namaste-React/src/components/Header.js","statementMap":{"0":{"start":{"line":10,"column":13},"end":{"line":56,"column":2}},"1":{"start":{"line":13,"column":21},"end":{"line":13,"column":59}},"2":{"start":{"line":13,"column":42},"end":{"line":13,"column":58}},"3":{"start":{"line":14,"column":18},"end":{"line":14,"column":34}},"4":{"start":{"line":15,"column":4},"end":{"line":15,"column":27}},"5":{"start":{"line":18,"column":33},"end":{"line":18,"column":50}},"6":{"start":{"line":20,"column":23},"end":{"line":20,"column":40}},"7":{"start":{"line":23,"column":24},"end":{"line":23,"column":45}},"8":{"start":{"line":25,"column":4},"end":{"line":25,"column":33}},"9":{"start":{"line":34,"column":4},"end":{"line":56,"column":1}},"10":{"start":{"line":47,"column":20},"end":{"line":47,"column":50}},"11":{"start":{"line":48,"column":21},"end":{"line":48,"column":84}}},"fnMap":{"0":{"name":"(anonymous_0)","decl":{"start":{"line":10,"column":13},"end":{"line":10,"column":14}},"loc":{"start":{"line":10,"column":17},"end":{"line":56,"column":2}},"line":10},"1":{"name":"(anonymous_1)","decl":{"start":{"line":13,"column":33},"end":{"line":13,"column":34}},"loc":{"start":{"line":13,"column":42},"end":{"line":13,"column":58}},"line":13},"2":{"name":"(anonymous_2)","decl":{"start":{"line":46,"column":16},"end":{"line":46,"column":17}},"loc":{"start":{"line":46,"column":20},"end":{"line":50,"column":17}},"line":46}},"branchMap":{"0":{"loc":{"start":{"line":40,"column":57},"end":{"line":40,"column":78}},"type":"cond-expr","locations":[{"start":{"line":40,"column":70},"end":{"line":40,"column":73}},{"start":{"line":40,"column":74},"end":{"line":40,"column":78}}],"line":40},"1":{"loc":{"start":{"line":48,"column":21},"end":{"line":48,"column":83}},"type":"cond-expr","locations":[{"start":{"line":48,"column":41},"end":{"line":48,"column":62}},{"start":{"line":48,"column":63},"end":{"line":48,"column":83}}],"line":48},"2":{"loc":{"start":{"line":53,"column":72},"end":{"line":53,"column":88}},"type":"binary-expr","locations":[{"start":{"line":53,"column":72},"end":{"line":53,"column":79}},{"start":{"line":53,"column":83},"end":{"line":53,"column":88}}],"line":53}},"s":{"0":1,"1":2,"2":3,"3":2,"4":2,"5":2,"6":2,"7":2,"8":2,"9":2,"10":1,"11":1},"f":{"0":2,"1":3,"2":1},"b":{"0":[2,0],"1":[1,0],"2":[2,0]},"_coverageSchema":"1a1c01bbd47fc00a2c39e90264f33305004495a9","hash":"724549a55c4524aaf44f89504197a048384ea261"}
,"/Users/naren/Desktop/Namaste-React/src/components/RestaurantCard.js": {"path":"/Users/naren/Desktop/Namaste-React/src/components/RestaurantCard.js","statementMap":{"0":{"start":{"line":7,"column":22},"end":{"line":43,"column":1}},"1":{"start":{"line":10,"column":6},"end":{"line":10,"column":44}},"2":{"start":{"line":12,"column":23},"end":{"line":12,"column":28}},"3":{"start":{"line":13,"column":2},"end":{"line":13,"column":26}},"4":{"start":{"line":14,"column":45},"end":{"line":14,"column":70}},"5":{"start":{"line":16,"column":20},"end":{"line":16,"column":41}},"6":{"start":{"line":18,"column":4},"end":{"line":41,"column":11}},"7":{"start":{"line":45,"column":36},"end":{"line":58,"column":1}},"8":{"start":{"line":47,"column":4},"end":{"line":55,"column":5}},"9":{"start":{"line":49,"column":8},"end":{"line":54,"column":9}}},"fnMap":{"0":{"name":"(anonymous_0)","decl":{"start":{"line":7,"column":22},"end":{"line":7,"column":23}},"loc":{"start":{"line":7,"column":37},"end":{"line":43,"column":1}},"line":7},"1":{"name":"(anonymous_1)","decl":{"start":{"line":45,"column":36},"end":{"line":45,"column":37}},"loc":{"start":{"line":45,"column":54},"end":{"line":58,"column":1}},"line":45},"2":{"name":"(anonymous_2)","decl":{"start":{"line":47,"column":11},"end":{"line":47,"column":12}},"loc":{"start":{"line":47,"column":20},"end":{"line":55,"column":5}},"line":47}},"branchMap":{},"s":{"0":1,"1":2,"2":2,"3":2,"4":2,"5":2,"6":2,"7":1,"8":1,"9":1},"f":{"0":2,"1":1,"2":1},"b":{},"_coverageSchema":"1a1c01bbd47fc00a2c39e90264f33305004495a9","hash":"083c6b04f41ef6e308b512946bb7c61f191f99ef"}
,"/Users/naren/Desktop/Namaste-React/src/components/sum.js": {"path":"/Users/naren/Desktop/Namaste-React/src/components/sum.js","statementMap":{"0":{"start":{"line":2,"column":19},"end":{"line":4,"column":1}},"1":{"start":{"line":3,"column":4},"end":{"line":3,"column":15}}},"fnMap":{"0":{"name":"(anonymous_0)","decl":{"start":{"line":2,"column":19},"end":{"line":2,"column":20}},"loc":{"start":{"line":2,"column":26},"end":{"line":4,"column":1}},"line":2}},"branchMap":{},"s":{"0":1,"1":1},"f":{"0":1},"b":{},"_coverageSchema":"1a1c01bbd47fc00a2c39e90264f33305004495a9","hash":"7d90e74506f9f76563d8f012b2bfe652b1c6c883"}
,"/Users/naren/Desktop/Namaste-React/src/components/MockData/mockRestCard.js": {"path":"/Users/naren/Desktop/Namaste-React/src/components/MockData/mockRestCard.js","statementMap":{"0":{"start":{"line":3,"column":21},"end":{"line":123,"column":1}}},"fnMap":{},"branchMap":{},"s":{"0":1},"f":{},"b":{},"_coverageSchema":"1a1c01bbd47fc00a2c39e90264f33305004495a9","hash":"20d45596a2a51c7f19c6bbc01d251c44093c48a0"}
,"/Users/naren/Desktop/Namaste-React/src/utils/UserContext.js": {"path":"/Users/naren/Desktop/Namaste-React/src/utils/UserContext.js","statementMap":{"0":{"start":{"line":3,"column":18},"end":{"line":7,"column":2}}},"fnMap":{},"branchMap":{},"s":{"0":2},"f":{},"b":{},"_coverageSchema":"1a1c01bbd47fc00a2c39e90264f33305004495a9","hash":"80059888880ae1527fc158d1624777a5bd5f8341"}
,"/Users/naren/Desktop/Namaste-React/src/utils/cart.js": {"path":"/Users/naren/Desktop/Namaste-React/src/utils/cart.js","statementMap":{"0":{"start":{"line":3,"column":18},"end":{"line":24,"column":2}},"1":{"start":{"line":11,"column":12},"end":{"line":11,"column":45}},"2":{"start":{"line":16,"column":12},"end":{"line":16,"column":30}},"3":{"start":{"line":20,"column":12},"end":{"line":20,"column":34}},"4":{"start":{"line":28,"column":48},"end":{"line":28,"column":65}}},"fnMap":{"0":{"name":"(anonymous_0)","decl":{"start":{"line":10,"column":16},"end":{"line":10,"column":17}},"loc":{"start":{"line":10,"column":33},"end":{"line":14,"column":9}},"line":10},"1":{"name":"(anonymous_1)","decl":{"start":{"line":15,"column":19},"end":{"line":15,"column":20}},"loc":{"start":{"line":15,"column":36},"end":{"line":18,"column":9}},"line":15},"2":{"name":"(anonymous_2)","decl":{"start":{"line":19,"column":18},"end":{"line":19,"column":19}},"loc":{"start":{"line":19,"column":35},"end":{"line":22,"column":9}},"line":19}},"branchMap":{},"s":{"0":1,"1":0,"2":0,"3":0,"4":1},"f":{"0":0,"1":0,"2":0},"b":{},"_coverageSchema":"1a1c01bbd47fc00a2c39e90264f33305004495a9","hash":"2ce12a9bcf4ceb2885920f55d515bff5ad98f6df"}
,"/Users/naren/Desktop/Namaste-React/src/utils/constants.js": {"path":"/Users/naren/Desktop/Namaste-React/src/utils/constants.js","statementMap":{"0":{"start":{"line":2,"column":17},"end":{"line":2,"column":131}},"1":{"start":{"line":3,"column":24},"end":{"line":3,"column":120}},"2":{"start":{"line":6,"column":24},"end":{"line":6,"column":152}}},"fnMap":{},"branchMap":{},"s":{"0":2,"1":2,"2":2},"f":{},"b":{},"_coverageSchema":"1a1c01bbd47fc00a2c39e90264f33305004495a9","hash":"3ac05ce59bd2bcc570e9e224aa8a53025625701f"}
,"/Users/naren/Desktop/Namaste-React/src/utils/store.js": {"path":"/Users/naren/Desktop/Namaste-React/src/utils/store.js","statementMap":{"0":{"start":{"line":4,"column":13},"end":{"line":10,"column":2}}},"fnMap":{},"branchMap":{},"s":{"0":1},"f":{},"b":{},"_coverageSchema":"1a1c01bbd47fc00a2c39e90264f33305004495a9","hash":"5512c3d1d445606914ec8a7755dfca1e7d1a7676"}
,"/Users/naren/Desktop/Namaste-React/src/utils/useOnlineStatus.js": {"path":"/Users/naren/Desktop/Namaste-React/src/utils/useOnlineStatus.js","statementMap":{"0":{"start":{"line":2,"column":24},"end":{"line":23,"column":1}},"1":{"start":{"line":4,"column":42},"end":{"line":4,"column":56}},"2":{"start":{"line":6,"column":4},"end":{"line":18,"column":10}},"3":{"start":{"line":8,"column":8},"end":{"line":11,"column":11}},"4":{"start":{"line":9,"column":12},"end":{"line":9,"column":35}},"5":{"start":{"line":12,"column":9},"end":{"line":15,"column":11}},"6":{"start":{"line":13,"column":12},"end":{"line":13,"column":34}},"7":{"start":{"line":22,"column":4},"end":{"line":22,"column":24}}},"fnMap":{"0":{"name":"(anonymous_0)","decl":{"start":{"line":2,"column":24},"end":{"line":2,"column":25}},"loc":{"start":{"line":2,"column":28},"end":{"line":23,"column":1}},"line":2},"1":{"name":"(anonymous_1)","decl":{"start":{"line":6,"column":14},"end":{"line":6,"column":15}},"loc":{"start":{"line":6,"column":18},"end":{"line":18,"column":5}},"line":6},"2":{"name":"(anonymous_2)","decl":{"start":{"line":8,"column":43},"end":{"line":8,"column":44}},"loc":{"start":{"line":8,"column":47},"end":{"line":11,"column":9}},"line":8},"3":{"name":"(anonymous_3)","decl":{"start":{"line":12,"column":43},"end":{"line":12,"column":44}},"loc":{"start":{"line":12,"column":47},"end":{"line":15,"column":9}},"line":12}},"branchMap":{},"s":{"0":1,"1":2,"2":2,"3":1,"4":0,"5":1,"6":0,"7":2},"f":{"0":2,"1":1,"2":0,"3":0},"b":{},"_coverageSchema":"1a1c01bbd47fc00a2c39e90264f33305004495a9","hash":"caa59f0c2b8fc25fb12d7d395ae66cff449fd36f"}
}
